<?xml version="1.0" encoding="UTF-8"?>
<testng-results skipped="0" failed="0" ignored="0" total="1" passed="1">
  <reporter-output>
  </reporter-output>
  <suite name="Suite" duration-ms="48" started-at="2022-03-26T06:10:20 UTC" finished-at="2022-03-26T06:10:20 UTC">
    <groups>
    </groups>
    <test name="Test" duration-ms="48" started-at="2022-03-26T06:10:20 UTC" finished-at="2022-03-26T06:10:20 UTC">
      <class name="testcases.SampleTest">
        <test-method status="PASS" signature="test1()[pri:0, instance:testcases.SampleTest@7d0587f1]" name="test1" duration-ms="12" started-at="2022-03-26T06:10:20 UTC" finished-at="2022-03-26T06:10:20 UTC">
          <reporter-output>
          </reporter-output>
        </test-method> <!-- test1 -->
      </class> <!-- testcases.SampleTest -->
    </test> <!-- Test -->
  </suite> <!-- Suite -->
</testng-results>
